[0.018s] Invoking command in '/home/arbaaz/KinematicController/build/o1': CMAKE_PREFIX_PATH=${CMAKE_PREFIX_PATH}:/home/arbaaz/KinematicController/install/simulation_pkg:/opt/ros/humble /usr/bin/cmake --build /home/arbaaz/KinematicController/build/o1 -- -j12 -l12
[0.129s] [100%] Built target main1
[0.297s] Invoked command in '/home/arbaaz/KinematicController/build/o1' returned '0': CMAKE_PREFIX_PATH=${CMAKE_PREFIX_PATH}:/home/arbaaz/KinematicController/install/simulation_pkg:/opt/ros/humble /usr/bin/cmake --build /home/arbaaz/KinematicController/build/o1 -- -j12 -l12
[0.312s] Invoking command in '/home/arbaaz/KinematicController/build/o1': CMAKE_PREFIX_PATH=${CMAKE_PREFIX_PATH}:/home/arbaaz/KinematicController/install/simulation_pkg:/opt/ros/humble /usr/bin/cmake --install /home/arbaaz/KinematicController/build/o1
[0.329s] -- Install configuration: ""
[0.331s] -- Execute custom install script
[0.333s] -- Up-to-date symlink: /home/arbaaz/KinematicController/install/o1/lib/o1/main1
[0.333s] -- Up-to-date symlink: /home/arbaaz/KinematicController/install/o1/share/ament_index/resource_index/package_run_dependencies/o1
[0.334s] -- Up-to-date symlink: /home/arbaaz/KinematicController/install/o1/share/ament_index/resource_index/parent_prefix_path/o1
[0.334s] -- Up-to-date symlink: /home/arbaaz/KinematicController/install/o1/share/o1/environment/ament_prefix_path.sh
[0.334s] -- Up-to-date symlink: /home/arbaaz/KinematicController/install/o1/share/o1/environment/ament_prefix_path.dsv
[0.336s] -- Up-to-date symlink: /home/arbaaz/KinematicController/install/o1/share/o1/environment/path.sh
[0.336s] -- Up-to-date symlink: /home/arbaaz/KinematicController/install/o1/share/o1/environment/path.dsv
[0.336s] -- Up-to-date symlink: /home/arbaaz/KinematicController/install/o1/share/o1/local_setup.bash
[0.336s] -- Up-to-date symlink: /home/arbaaz/KinematicController/install/o1/share/o1/local_setup.sh
[0.336s] -- Up-to-date symlink: /home/arbaaz/KinematicController/install/o1/share/o1/local_setup.zsh
[0.336s] -- Up-to-date symlink: /home/arbaaz/KinematicController/install/o1/share/o1/local_setup.dsv
[0.337s] -- Symlinking: /home/arbaaz/KinematicController/install/o1/share/o1/package.dsv
[0.354s] -- Up-to-date symlink: /home/arbaaz/KinematicController/install/o1/share/ament_index/resource_index/packages/o1
[0.354s] -- Up-to-date symlink: /home/arbaaz/KinematicController/install/o1/share/o1/cmake/o1Config.cmake
[0.354s] -- Up-to-date symlink: /home/arbaaz/KinematicController/install/o1/share/o1/cmake/o1Config-version.cmake
[0.354s] -- Up-to-date symlink: /home/arbaaz/KinematicController/install/o1/share/o1/package.xml
[0.359s] Invoked command in '/home/arbaaz/KinematicController/build/o1' returned '0': CMAKE_PREFIX_PATH=${CMAKE_PREFIX_PATH}:/home/arbaaz/KinematicController/install/simulation_pkg:/opt/ros/humble /usr/bin/cmake --install /home/arbaaz/KinematicController/build/o1
