[0.151s] DEBUG:colcon:Command line arguments: ['/usr/bin/colcon', 'build', '--executor', 'sequential']
[0.151s] DEBUG:colcon:Parsed command line arguments: Namespace(log_base=None, log_level=None, verb_name='build', build_base='build', install_base='install', merge_install=False, symlink_install=False, test_result_base=None, continue_on_error=False, executor='sequential', parallel_workers=12, event_handlers=None, ignore_user_meta=False, metas=['./colcon.meta'], base_paths=['.'], packages_ignore=None, packages_ignore_regex=None, paths=None, packages_up_to=None, packages_up_to_regex=None, packages_above=None, packages_above_and_dependencies=None, packages_above_depth=None, packages_select_by_dep=None, packages_skip_by_dep=None, packages_skip_up_to=None, packages_select_build_failed=False, packages_skip_build_finished=False, packages_select_test_failures=False, packages_skip_test_passed=False, packages_select=None, packages_skip=None, packages_select_regex=None, packages_skip_regex=None, packages_start=None, packages_end=None, allow_overriding=[], cmake_args=None, cmake_target=None, cmake_target_skip_unavailable=False, cmake_clean_cache=False, cmake_clean_first=False, cmake_force_configure=False, ament_cmake_args=None, catkin_cmake_args=None, catkin_skip_building_tests=False, mixin_files=None, mixin=None, verb_parser=<colcon_mixin.mixin.mixin_argument.MixinArgumentDecorator object at 0x7527f3b76e30>, verb_extension=<colcon_core.verb.build.BuildVerb object at 0x7527f3b76980>, main=<bound method BuildVerb.main of <colcon_core.verb.build.BuildVerb object at 0x7527f3b76980>>, mixin_verb=('build',))
[0.345s] Level 1:colcon.colcon_core.package_discovery:discover_packages(colcon_meta) check parameters
[0.345s] Level 1:colcon.colcon_core.package_discovery:discover_packages(recursive) check parameters
[0.345s] Level 1:colcon.colcon_core.package_discovery:discover_packages(ignore) check parameters
[0.345s] Level 1:colcon.colcon_core.package_discovery:discover_packages(path) check parameters
[0.345s] Level 1:colcon.colcon_core.package_discovery:discover_packages(colcon_meta) discover
[0.345s] Level 1:colcon.colcon_core.package_discovery:discover_packages(recursive) discover
[0.345s] INFO:colcon.colcon_core.package_discovery:Crawling recursively for packages in '/home/arbaaz/KinematicController'
[0.345s] Level 1:colcon.colcon_core.package_identification:_identify(.) by extensions ['ignore', 'ignore_ament_install']
[0.346s] Level 1:colcon.colcon_core.package_identification:_identify(.) by extension 'ignore'
[0.346s] Level 1:colcon.colcon_core.package_identification:_identify(.) by extension 'ignore_ament_install'
[0.346s] Level 1:colcon.colcon_core.package_identification:_identify(.) by extensions ['colcon_pkg']
[0.346s] Level 1:colcon.colcon_core.package_identification:_identify(.) by extension 'colcon_pkg'
[0.346s] Level 1:colcon.colcon_core.package_identification:_identify(.) by extensions ['colcon_meta']
[0.346s] Level 1:colcon.colcon_core.package_identification:_identify(.) by extension 'colcon_meta'
[0.346s] Level 1:colcon.colcon_core.package_identification:_identify(.) by extensions ['ros']
[0.346s] Level 1:colcon.colcon_core.package_identification:_identify(.) by extension 'ros'
[0.357s] Level 1:colcon.colcon_core.package_identification:_identify(.) by extensions ['cmake', 'python']
[0.357s] Level 1:colcon.colcon_core.package_identification:_identify(.) by extension 'cmake'
[0.357s] Level 1:colcon.colcon_core.package_identification:_identify(.) by extension 'python'
[0.358s] Level 1:colcon.colcon_core.package_identification:_identify(.) by extensions ['python_setup_py']
[0.358s] Level 1:colcon.colcon_core.package_identification:_identify(.) by extension 'python_setup_py'
[0.358s] Level 1:colcon.colcon_core.package_identification:_identify(build) by extensions ['ignore', 'ignore_ament_install']
[0.358s] Level 1:colcon.colcon_core.package_identification:_identify(build) by extension 'ignore'
[0.358s] Level 1:colcon.colcon_core.package_identification:_identify(build) ignored
[0.358s] Level 1:colcon.colcon_core.package_identification:_identify(install) by extensions ['ignore', 'ignore_ament_install']
[0.358s] Level 1:colcon.colcon_core.package_identification:_identify(install) by extension 'ignore'
[0.358s] Level 1:colcon.colcon_core.package_identification:_identify(install) ignored
[0.358s] Level 1:colcon.colcon_core.package_identification:_identify(log) by extensions ['ignore', 'ignore_ament_install']
[0.358s] Level 1:colcon.colcon_core.package_identification:_identify(log) by extension 'ignore'
[0.358s] Level 1:colcon.colcon_core.package_identification:_identify(log) ignored
[0.358s] Level 1:colcon.colcon_core.package_identification:_identify(src) by extensions ['ignore', 'ignore_ament_install']
[0.358s] Level 1:colcon.colcon_core.package_identification:_identify(src) by extension 'ignore'
[0.358s] Level 1:colcon.colcon_core.package_identification:_identify(src) by extension 'ignore_ament_install'
[0.358s] Level 1:colcon.colcon_core.package_identification:_identify(src) by extensions ['colcon_pkg']
[0.358s] Level 1:colcon.colcon_core.package_identification:_identify(src) by extension 'colcon_pkg'
[0.358s] Level 1:colcon.colcon_core.package_identification:_identify(src) by extensions ['colcon_meta']
[0.358s] Level 1:colcon.colcon_core.package_identification:_identify(src) by extension 'colcon_meta'
[0.358s] Level 1:colcon.colcon_core.package_identification:_identify(src) by extensions ['ros']
[0.359s] Level 1:colcon.colcon_core.package_identification:_identify(src) by extension 'ros'
[0.359s] Level 1:colcon.colcon_core.package_identification:_identify(src) by extensions ['cmake', 'python']
[0.359s] Level 1:colcon.colcon_core.package_identification:_identify(src) by extension 'cmake'
[0.359s] Level 1:colcon.colcon_core.package_identification:_identify(src) by extension 'python'
[0.359s] Level 1:colcon.colcon_core.package_identification:_identify(src) by extensions ['python_setup_py']
[0.359s] Level 1:colcon.colcon_core.package_identification:_identify(src) by extension 'python_setup_py'
[0.359s] Level 1:colcon.colcon_core.package_identification:_identify(src/o1) by extensions ['ignore', 'ignore_ament_install']
[0.359s] Level 1:colcon.colcon_core.package_identification:_identify(src/o1) by extension 'ignore'
[0.359s] Level 1:colcon.colcon_core.package_identification:_identify(src/o1) by extension 'ignore_ament_install'
[0.359s] Level 1:colcon.colcon_core.package_identification:_identify(src/o1) by extensions ['colcon_pkg']
[0.359s] Level 1:colcon.colcon_core.package_identification:_identify(src/o1) by extension 'colcon_pkg'
[0.359s] Level 1:colcon.colcon_core.package_identification:_identify(src/o1) by extensions ['colcon_meta']
[0.359s] Level 1:colcon.colcon_core.package_identification:_identify(src/o1) by extension 'colcon_meta'
[0.359s] Level 1:colcon.colcon_core.package_identification:_identify(src/o1) by extensions ['ros']
[0.359s] Level 1:colcon.colcon_core.package_identification:_identify(src/o1) by extension 'ros'
[0.376s] DEBUG:colcon.colcon_core.package_identification:Package 'src/o1' with type 'ros.ament_cmake' and name 'o1'
[0.376s] Level 1:colcon.colcon_core.package_identification:_identify(src/simulation_pkg) by extensions ['ignore', 'ignore_ament_install']
[0.377s] Level 1:colcon.colcon_core.package_identification:_identify(src/simulation_pkg) by extension 'ignore'
[0.377s] Level 1:colcon.colcon_core.package_identification:_identify(src/simulation_pkg) by extension 'ignore_ament_install'
[0.377s] Level 1:colcon.colcon_core.package_identification:_identify(src/simulation_pkg) by extensions ['colcon_pkg']
[0.377s] Level 1:colcon.colcon_core.package_identification:_identify(src/simulation_pkg) by extension 'colcon_pkg'
[0.377s] Level 1:colcon.colcon_core.package_identification:_identify(src/simulation_pkg) by extensions ['colcon_meta']
[0.377s] Level 1:colcon.colcon_core.package_identification:_identify(src/simulation_pkg) by extension 'colcon_meta'
[0.377s] Level 1:colcon.colcon_core.package_identification:_identify(src/simulation_pkg) by extensions ['ros']
[0.377s] Level 1:colcon.colcon_core.package_identification:_identify(src/simulation_pkg) by extension 'ros'
[0.378s] DEBUG:colcon.colcon_core.package_identification:Package 'src/simulation_pkg' with type 'ros.ament_python' and name 'simulation_pkg'
[0.378s] Level 1:colcon.colcon_core.package_discovery:discover_packages(recursive) using defaults
[0.378s] Level 1:colcon.colcon_core.package_discovery:discover_packages(ignore) discover
[0.378s] Level 1:colcon.colcon_core.package_discovery:discover_packages(ignore) using defaults
[0.378s] Level 1:colcon.colcon_core.package_discovery:discover_packages(path) discover
[0.378s] Level 1:colcon.colcon_core.package_discovery:discover_packages(path) using defaults
[0.401s] Level 1:colcon.colcon_core.package_discovery:discover_packages(prefix_path) check parameters
[0.401s] Level 1:colcon.colcon_core.package_discovery:discover_packages(prefix_path) discover
[0.405s] DEBUG:colcon.colcon_installed_package_information.package_discovery:Found 6 installed packages in /home/arbaaz/decision_module/install
[0.406s] DEBUG:colcon.colcon_installed_package_information.package_discovery:Found 328 installed packages in /opt/ros/humble
[0.407s] Level 1:colcon.colcon_core.package_discovery:discover_packages(prefix_path) using defaults
[0.444s] Level 5:colcon.colcon_core.verb:set package 'o1' build argument 'cmake_args' from command line to 'None'
[0.444s] Level 5:colcon.colcon_core.verb:set package 'o1' build argument 'cmake_target' from command line to 'None'
[0.444s] Level 5:colcon.colcon_core.verb:set package 'o1' build argument 'cmake_target_skip_unavailable' from command line to 'False'
[0.445s] Level 5:colcon.colcon_core.verb:set package 'o1' build argument 'cmake_clean_cache' from command line to 'False'
[0.445s] Level 5:colcon.colcon_core.verb:set package 'o1' build argument 'cmake_clean_first' from command line to 'False'
[0.445s] Level 5:colcon.colcon_core.verb:set package 'o1' build argument 'cmake_force_configure' from command line to 'False'
[0.445s] Level 5:colcon.colcon_core.verb:set package 'o1' build argument 'ament_cmake_args' from command line to 'None'
[0.445s] Level 5:colcon.colcon_core.verb:set package 'o1' build argument 'catkin_cmake_args' from command line to 'None'
[0.445s] Level 5:colcon.colcon_core.verb:set package 'o1' build argument 'catkin_skip_building_tests' from command line to 'False'
[0.445s] DEBUG:colcon.colcon_core.verb:Building package 'o1' with the following arguments: {'ament_cmake_args': None, 'build_base': '/home/arbaaz/KinematicController/build/o1', 'catkin_cmake_args': None, 'catkin_skip_building_tests': False, 'cmake_args': None, 'cmake_clean_cache': False, 'cmake_clean_first': False, 'cmake_force_configure': False, 'cmake_target': None, 'cmake_target_skip_unavailable': False, 'install_base': '/home/arbaaz/KinematicController/install/o1', 'merge_install': False, 'path': '/home/arbaaz/KinematicController/src/o1', 'symlink_install': False, 'test_result_base': None}
[0.445s] Level 5:colcon.colcon_core.verb:set package 'simulation_pkg' build argument 'cmake_args' from command line to 'None'
[0.445s] Level 5:colcon.colcon_core.verb:set package 'simulation_pkg' build argument 'cmake_target' from command line to 'None'
[0.445s] Level 5:colcon.colcon_core.verb:set package 'simulation_pkg' build argument 'cmake_target_skip_unavailable' from command line to 'False'
[0.445s] Level 5:colcon.colcon_core.verb:set package 'simulation_pkg' build argument 'cmake_clean_cache' from command line to 'False'
[0.445s] Level 5:colcon.colcon_core.verb:set package 'simulation_pkg' build argument 'cmake_clean_first' from command line to 'False'
[0.445s] Level 5:colcon.colcon_core.verb:set package 'simulation_pkg' build argument 'cmake_force_configure' from command line to 'False'
[0.445s] Level 5:colcon.colcon_core.verb:set package 'simulation_pkg' build argument 'ament_cmake_args' from command line to 'None'
[0.445s] Level 5:colcon.colcon_core.verb:set package 'simulation_pkg' build argument 'catkin_cmake_args' from command line to 'None'
[0.445s] Level 5:colcon.colcon_core.verb:set package 'simulation_pkg' build argument 'catkin_skip_building_tests' from command line to 'False'
[0.445s] DEBUG:colcon.colcon_core.verb:Building package 'simulation_pkg' with the following arguments: {'ament_cmake_args': None, 'build_base': '/home/arbaaz/KinematicController/build/simulation_pkg', 'catkin_cmake_args': None, 'catkin_skip_building_tests': False, 'cmake_args': None, 'cmake_clean_cache': False, 'cmake_clean_first': False, 'cmake_force_configure': False, 'cmake_target': None, 'cmake_target_skip_unavailable': False, 'install_base': '/home/arbaaz/KinematicController/install/simulation_pkg', 'merge_install': False, 'path': '/home/arbaaz/KinematicController/src/simulation_pkg', 'symlink_install': False, 'test_result_base': None}
[0.445s] INFO:colcon.colcon_core.executor:Executing jobs using 'sequential' executor
[0.446s] DEBUG:colcon.colcon_core.executor.sequential:run_until_complete 'o1'
[0.446s] INFO:colcon.colcon_ros.task.ament_cmake.build:Building ROS package in '/home/arbaaz/KinematicController/src/o1' with build type 'ament_cmake'
[0.447s] INFO:colcon.colcon_cmake.task.cmake.build:Building CMake package in '/home/arbaaz/KinematicController/src/o1'
[0.451s] INFO:colcon.colcon_core.plugin_system:Skipping extension 'colcon_core.shell.bat': Not used on non-Windows systems
[0.451s] INFO:colcon.colcon_core.shell:Skip shell extension 'powershell' for command environment: Not usable outside of PowerShell
[0.451s] DEBUG:colcon.colcon_core.shell:Skip shell extension 'dsv' for command environment
[0.459s] DEBUG:colcon.colcon_core.event_handler.log_command:Invoking command in '/home/arbaaz/KinematicController/build/o1': CMAKE_PREFIX_PATH=${CMAKE_PREFIX_PATH}:/home/arbaaz/decision_module/install/simulation_pkg:/opt/ros/humble /usr/bin/cmake /home/arbaaz/KinematicController/src/o1 -DCMAKE_INSTALL_PREFIX=/home/arbaaz/KinematicController/install/o1
[2.097s] DEBUG:colcon.colcon_core.event_handler.log_command:Invoked command in '/home/arbaaz/KinematicController/build/o1' returned '0': CMAKE_PREFIX_PATH=${CMAKE_PREFIX_PATH}:/home/arbaaz/decision_module/install/simulation_pkg:/opt/ros/humble /usr/bin/cmake /home/arbaaz/KinematicController/src/o1 -DCMAKE_INSTALL_PREFIX=/home/arbaaz/KinematicController/install/o1
[2.100s] DEBUG:colcon.colcon_core.event_handler.log_command:Invoking command in '/home/arbaaz/KinematicController/build/o1': CMAKE_PREFIX_PATH=${CMAKE_PREFIX_PATH}:/home/arbaaz/decision_module/install/simulation_pkg:/opt/ros/humble /usr/bin/cmake --build /home/arbaaz/KinematicController/build/o1 -- -j12 -l12
[17.215s] DEBUG:colcon.colcon_core.event_handler.log_command:Invoked command in '/home/arbaaz/KinematicController/build/o1' returned '0': CMAKE_PREFIX_PATH=${CMAKE_PREFIX_PATH}:/home/arbaaz/decision_module/install/simulation_pkg:/opt/ros/humble /usr/bin/cmake --build /home/arbaaz/KinematicController/build/o1 -- -j12 -l12
[17.227s] DEBUG:colcon.colcon_core.event_handler.log_command:Invoking command in '/home/arbaaz/KinematicController/build/o1': CMAKE_PREFIX_PATH=${CMAKE_PREFIX_PATH}:/home/arbaaz/decision_module/install/simulation_pkg:/opt/ros/humble /usr/bin/cmake --install /home/arbaaz/KinematicController/build/o1
[17.249s] Level 1:colcon.colcon_core.environment:create_environment_scripts_only(o1)
[17.250s] DEBUG:colcon.colcon_core.event_handler.log_command:Invoked command in '/home/arbaaz/KinematicController/build/o1' returned '0': CMAKE_PREFIX_PATH=${CMAKE_PREFIX_PATH}:/home/arbaaz/decision_module/install/simulation_pkg:/opt/ros/humble /usr/bin/cmake --install /home/arbaaz/KinematicController/build/o1
[17.254s] Level 1:colcon.colcon_core.environment:checking '/home/arbaaz/KinematicController/install/o1' for CMake module files
[17.255s] Level 1:colcon.colcon_core.environment:checking '/home/arbaaz/KinematicController/install/o1' for CMake config files
[17.255s] Level 1:colcon.colcon_core.shell:create_environment_hook('o1', 'cmake_prefix_path')
[17.255s] INFO:colcon.colcon_core.shell:Creating environment hook '/home/arbaaz/KinematicController/install/o1/share/o1/hook/cmake_prefix_path.ps1'
[17.256s] INFO:colcon.colcon_core.shell:Creating environment descriptor '/home/arbaaz/KinematicController/install/o1/share/o1/hook/cmake_prefix_path.dsv'
[17.257s] INFO:colcon.colcon_core.shell:Creating environment hook '/home/arbaaz/KinematicController/install/o1/share/o1/hook/cmake_prefix_path.sh'
[17.258s] Level 1:colcon.colcon_core.environment:checking '/home/arbaaz/KinematicController/install/o1/lib'
[17.258s] Level 1:colcon.colcon_core.environment:checking '/home/arbaaz/KinematicController/install/o1/bin'
[17.258s] Level 1:colcon.colcon_core.environment:checking '/home/arbaaz/KinematicController/install/o1/lib/pkgconfig/o1.pc'
[17.258s] Level 1:colcon.colcon_core.environment:checking '/home/arbaaz/KinematicController/install/o1/lib/python3.10/site-packages'
[17.258s] Level 1:colcon.colcon_core.environment:checking '/home/arbaaz/KinematicController/install/o1/bin'
[17.258s] INFO:colcon.colcon_core.shell:Creating package script '/home/arbaaz/KinematicController/install/o1/share/o1/package.ps1'
[17.259s] INFO:colcon.colcon_core.shell:Creating package descriptor '/home/arbaaz/KinematicController/install/o1/share/o1/package.dsv'
[17.260s] INFO:colcon.colcon_core.shell:Creating package script '/home/arbaaz/KinematicController/install/o1/share/o1/package.sh'
[17.261s] INFO:colcon.colcon_core.shell:Creating package script '/home/arbaaz/KinematicController/install/o1/share/o1/package.bash'
[17.262s] INFO:colcon.colcon_core.shell:Creating package script '/home/arbaaz/KinematicController/install/o1/share/o1/package.zsh'
[17.262s] Level 1:colcon.colcon_core.environment:create_file_with_runtime_dependencies(/home/arbaaz/KinematicController/install/o1/share/colcon-core/packages/o1)
[17.263s] Level 1:colcon.colcon_core.environment:create_environment_scripts_only(o1)
[17.263s] Level 1:colcon.colcon_core.environment:checking '/home/arbaaz/KinematicController/install/o1' for CMake module files
[17.264s] Level 1:colcon.colcon_core.environment:checking '/home/arbaaz/KinematicController/install/o1' for CMake config files
[17.264s] Level 1:colcon.colcon_core.shell:create_environment_hook('o1', 'cmake_prefix_path')
[17.264s] INFO:colcon.colcon_core.shell:Creating environment hook '/home/arbaaz/KinematicController/install/o1/share/o1/hook/cmake_prefix_path.ps1'
[17.264s] INFO:colcon.colcon_core.shell:Creating environment descriptor '/home/arbaaz/KinematicController/install/o1/share/o1/hook/cmake_prefix_path.dsv'
[17.265s] INFO:colcon.colcon_core.shell:Creating environment hook '/home/arbaaz/KinematicController/install/o1/share/o1/hook/cmake_prefix_path.sh'
[17.265s] Level 1:colcon.colcon_core.environment:checking '/home/arbaaz/KinematicController/install/o1/lib'
[17.265s] Level 1:colcon.colcon_core.environment:checking '/home/arbaaz/KinematicController/install/o1/bin'
[17.265s] Level 1:colcon.colcon_core.environment:checking '/home/arbaaz/KinematicController/install/o1/lib/pkgconfig/o1.pc'
[17.265s] Level 1:colcon.colcon_core.environment:checking '/home/arbaaz/KinematicController/install/o1/lib/python3.10/site-packages'
[17.265s] Level 1:colcon.colcon_core.environment:checking '/home/arbaaz/KinematicController/install/o1/bin'
[17.266s] INFO:colcon.colcon_core.shell:Creating package script '/home/arbaaz/KinematicController/install/o1/share/o1/package.ps1'
[17.266s] INFO:colcon.colcon_core.shell:Creating package descriptor '/home/arbaaz/KinematicController/install/o1/share/o1/package.dsv'
[17.267s] INFO:colcon.colcon_core.shell:Creating package script '/home/arbaaz/KinematicController/install/o1/share/o1/package.sh'
[17.267s] INFO:colcon.colcon_core.shell:Creating package script '/home/arbaaz/KinematicController/install/o1/share/o1/package.bash'
[17.267s] INFO:colcon.colcon_core.shell:Creating package script '/home/arbaaz/KinematicController/install/o1/share/o1/package.zsh'
[17.268s] Level 1:colcon.colcon_core.environment:create_file_with_runtime_dependencies(/home/arbaaz/KinematicController/install/o1/share/colcon-core/packages/o1)
[17.268s] DEBUG:colcon.colcon_core.executor.sequential:run_until_complete 'o1' finished with '0'
[17.268s] DEBUG:colcon.colcon_core.executor.sequential:run_until_complete 'simulation_pkg'
[17.268s] INFO:colcon.colcon_ros.task.ament_python.build:Building ROS package in '/home/arbaaz/KinematicController/src/simulation_pkg' with build type 'ament_python'
[17.268s] Level 1:colcon.colcon_core.shell:create_environment_hook('simulation_pkg', 'ament_prefix_path')
[17.268s] INFO:colcon.colcon_core.shell:Creating environment hook '/home/arbaaz/KinematicController/install/simulation_pkg/share/simulation_pkg/hook/ament_prefix_path.ps1'
[17.269s] INFO:colcon.colcon_core.shell:Creating environment descriptor '/home/arbaaz/KinematicController/install/simulation_pkg/share/simulation_pkg/hook/ament_prefix_path.dsv'
[17.270s] INFO:colcon.colcon_core.shell:Creating environment hook '/home/arbaaz/KinematicController/install/simulation_pkg/share/simulation_pkg/hook/ament_prefix_path.sh'
[17.270s] INFO:colcon.colcon_core.shell:Skip shell extension 'powershell' for command environment: Not usable outside of PowerShell
[17.270s] DEBUG:colcon.colcon_core.shell:Skip shell extension 'dsv' for command environment
[17.582s] INFO:colcon.colcon_core.task.python.build:Building Python package in '/home/arbaaz/KinematicController/src/simulation_pkg'
[17.582s] INFO:colcon.colcon_core.shell:Skip shell extension 'powershell' for command environment: Not usable outside of PowerShell
[17.583s] DEBUG:colcon.colcon_core.shell:Skip shell extension 'dsv' for command environment
[17.974s] DEBUG:colcon.colcon_core.event_handler.log_command:Invoking command in '/home/arbaaz/KinematicController/src/simulation_pkg': PYTHONPATH=/home/arbaaz/KinematicController/build/simulation_pkg/prefix_override:/usr/lib/python3/dist-packages/colcon_core/task/python/colcon_distutils_commands:/home/arbaaz/KinematicController/install/simulation_pkg/lib/python3.10/site-packages:${PYTHONPATH} /usr/bin/python3 -W ignore:setup.py install is deprecated -W ignore:easy_install command is deprecated setup.py egg_info --egg-base ../../build/simulation_pkg build --build-base /home/arbaaz/KinematicController/build/simulation_pkg/build install --record /home/arbaaz/KinematicController/build/simulation_pkg/install.log --single-version-externally-managed install_data
[18.239s] DEBUG:colcon.colcon_core.executor.sequential:run_until_complete 'simulation_pkg' finished with '1'
[18.239s] DEBUG:colcon.colcon_core.executor.sequential:closing loop
[18.239s] DEBUG:colcon.colcon_core.event_handler.log_command:Invoked command in '/home/arbaaz/KinematicController/src/simulation_pkg' returned '1': PYTHONPATH=/home/arbaaz/KinematicController/build/simulation_pkg/prefix_override:/usr/lib/python3/dist-packages/colcon_core/task/python/colcon_distutils_commands:/home/arbaaz/KinematicController/install/simulation_pkg/lib/python3.10/site-packages:${PYTHONPATH} /usr/bin/python3 -W ignore:setup.py install is deprecated -W ignore:easy_install command is deprecated setup.py egg_info --egg-base ../../build/simulation_pkg build --build-base /home/arbaaz/KinematicController/build/simulation_pkg/build install --record /home/arbaaz/KinematicController/build/simulation_pkg/install.log --single-version-externally-managed install_data
[18.240s] DEBUG:colcon.colcon_core.executor.sequential:loop closed
[18.240s] DEBUG:colcon.colcon_core.event_reactor:joining thread
[18.248s] INFO:colcon.colcon_core.plugin_system:Skipping extension 'colcon_notification.desktop_notification.terminal_notifier': Not used on non-Darwin systems
[18.248s] INFO:colcon.colcon_core.plugin_system:Skipping extension 'colcon_notification.desktop_notification.win32': Not used on non-Windows systems
[18.248s] INFO:colcon.colcon_notification.desktop_notification:Sending desktop notification using 'notify2'
[18.275s] DEBUG:colcon.colcon_core.event_reactor:joined thread
[18.276s] INFO:colcon.colcon_core.shell:Creating prefix script '/home/arbaaz/KinematicController/install/local_setup.ps1'
[18.277s] INFO:colcon.colcon_core.shell:Creating prefix util module '/home/arbaaz/KinematicController/install/_local_setup_util_ps1.py'
[18.278s] INFO:colcon.colcon_core.shell:Creating prefix chain script '/home/arbaaz/KinematicController/install/setup.ps1'
[18.280s] INFO:colcon.colcon_core.shell:Creating prefix script '/home/arbaaz/KinematicController/install/local_setup.sh'
[18.281s] INFO:colcon.colcon_core.shell:Creating prefix util module '/home/arbaaz/KinematicController/install/_local_setup_util_sh.py'
[18.281s] INFO:colcon.colcon_core.shell:Creating prefix chain script '/home/arbaaz/KinematicController/install/setup.sh'
[18.282s] INFO:colcon.colcon_core.shell:Creating prefix script '/home/arbaaz/KinematicController/install/local_setup.bash'
[18.283s] INFO:colcon.colcon_core.shell:Creating prefix chain script '/home/arbaaz/KinematicController/install/setup.bash'
[18.284s] INFO:colcon.colcon_core.shell:Creating prefix script '/home/arbaaz/KinematicController/install/local_setup.zsh'
[18.285s] INFO:colcon.colcon_core.shell:Creating prefix chain script '/home/arbaaz/KinematicController/install/setup.zsh'
