-- Found ament_cmake: 1.3.11 (/opt/ros/humble/share/ament_cmake/cmake)
-- Found rclcpp: 16.0.11 (/opt/ros/humble/share/rclcpp/cmake)
-- Found rosidl_generator_c: 3.1.6 (/opt/ros/humble/share/rosidl_generator_c/cmake)
-- Found rosidl_adapter: 3.1.6 (/opt/ros/humble/share/rosidl_adapter/cmake)
-- Found rosidl_generator_cpp: 3.1.6 (/opt/ros/humble/share/rosidl_generator_cpp/cmake)
-- Using all available rosidl_typesupport_c: rosidl_typesupport_fastrtps_c;rosidl_typesupport_introspection_c
-- Using all available rosidl_typesupport_cpp: rosidl_typesupport_fastrtps_cpp;rosidl_typesupport_introspection_cpp
-- Found rmw_implementation_cmake: 6.1.2 (/opt/ros/humble/share/rmw_implementation_cmake/cmake)
-- Found rmw_fastrtps_cpp: 6.2.7 (/opt/ros/humble/share/rmw_fastrtps_cpp/cmake)
-- Using RMW implementation 'rmw_fastrtps_cpp' as default
-- Found geometry_msgs: 4.2.4 (/opt/ros/humble/share/geometry_msgs/cmake)
-- Found pluginlib: 5.1.0 (/opt/ros/humble/share/pluginlib/cmake)
-- Found ament_lint_auto: 0.12.11 (/opt/ros/humble/share/ament_lint_auto/cmake)
-- Added test 'cppcheck' to perform static code analysis on C / C++ code
-- Configured cppcheck include dirs: /home/arbaaz/KinematicController/src/o1/include
-- Configured cppcheck exclude dirs and/or files: 
-- Added test 'lint_cmake' to check CMake code style
-- Added test 'uncrustify' to check C / C++ code style
-- Configured uncrustify additional arguments: 
-- Added test 'xmllint' to check XML markup files
-- Configuring done
-- Generating done
-- Build files have been written to: /home/arbaaz/KinematicController/build/o1
[35m[1mConsolidate compiler generated dependencies of target main1[0m
[100%] Built target main1
-- Install configuration: ""
-- Up-to-date: /home/arbaaz/KinematicController/install/o1/lib/o1/main1
-- Up-to-date: /home/arbaaz/KinematicController/install/o1/share/ament_index/resource_index/package_run_dependencies/o1
-- Up-to-date: /home/arbaaz/KinematicController/install/o1/share/ament_index/resource_index/parent_prefix_path/o1
-- Up-to-date: /home/arbaaz/KinematicController/install/o1/share/o1/environment/ament_prefix_path.sh
-- Installing: /home/arbaaz/KinematicController/install/o1/share/o1/environment/ament_prefix_path.dsv
-- Up-to-date: /home/arbaaz/KinematicController/install/o1/share/o1/environment/path.sh
-- Installing: /home/arbaaz/KinematicController/install/o1/share/o1/environment/path.dsv
-- Up-to-date: /home/arbaaz/KinematicController/install/o1/share/o1/local_setup.bash
-- Up-to-date: /home/arbaaz/KinematicController/install/o1/share/o1/local_setup.sh
-- Up-to-date: /home/arbaaz/KinematicController/install/o1/share/o1/local_setup.zsh
-- Installing: /home/arbaaz/KinematicController/install/o1/share/o1/local_setup.dsv
-- Installing: /home/arbaaz/KinematicController/install/o1/share/o1/package.dsv
-- Up-to-date: /home/arbaaz/KinematicController/install/o1/share/ament_index/resource_index/packages/o1
-- Up-to-date: /home/arbaaz/KinematicController/install/o1/share/o1/cmake/o1Config.cmake
-- Up-to-date: /home/arbaaz/KinematicController/install/o1/share/o1/cmake/o1Config-version.cmake
-- Up-to-date: /home/arbaaz/KinematicController/install/o1/share/o1/package.xml
