[0.014s] Invoking command in '/home/arbaaz/KinematicController/build/o1': CMAKE_PREFIX_PATH=${CMAKE_PREFIX_PATH}:/home/arbaaz/KinematicController/install/simulation_pkg:/home/arbaaz/decision_module/install/simulation_pkg:/opt/ros/humble /usr/bin/cmake --build /home/arbaaz/KinematicController/build/o1 -- -j12 -l12
[0.041s] -- Found ament_cmake: 1.3.11 (/opt/ros/humble/share/ament_cmake/cmake)
[0.173s] -- Found rclcpp: 16.0.11 (/opt/ros/humble/share/rclcpp/cmake)
[0.199s] -- Found rosidl_generator_c: 3.1.6 (/opt/ros/humble/share/rosidl_generator_c/cmake)
[0.201s] -- Found rosidl_adapter: 3.1.6 (/opt/ros/humble/share/rosidl_adapter/cmake)
[0.206s] -- Found rosidl_generator_cpp: 3.1.6 (/opt/ros/humble/share/rosidl_generator_cpp/cmake)
[0.214s] -- Using all available rosidl_typesupport_c: rosidl_typesupport_fastrtps_c;rosidl_typesupport_introspection_c
[0.225s] -- Using all available rosidl_typesupport_cpp: rosidl_typesupport_fastrtps_cpp;rosidl_typesupport_introspection_cpp
[0.253s] -- Found rmw_implementation_cmake: 6.1.2 (/opt/ros/humble/share/rmw_implementation_cmake/cmake)
[0.254s] -- Found rmw_fastrtps_cpp: 6.2.7 (/opt/ros/humble/share/rmw_fastrtps_cpp/cmake)
[0.365s] -- Using RMW implementation 'rmw_fastrtps_cpp' as default
[0.407s] -- Found geometry_msgs: 4.2.4 (/opt/ros/humble/share/geometry_msgs/cmake)
[0.417s] -- Found pluginlib: 5.1.0 (/opt/ros/humble/share/pluginlib/cmake)
[0.460s] -- Found ament_lint_auto: 0.12.11 (/opt/ros/humble/share/ament_lint_auto/cmake)
[0.523s] -- Added test 'cppcheck' to perform static code analysis on C / C++ code
[0.523s] -- Configured cppcheck include dirs: /home/arbaaz/KinematicController/src/o1/include
[0.523s] -- Configured cppcheck exclude dirs and/or files: 
[0.523s] -- Added test 'lint_cmake' to check CMake code style
[0.524s] -- Added test 'uncrustify' to check C / C++ code style
[0.524s] -- Configured uncrustify additional arguments: 
[0.525s] -- Added test 'xmllint' to check XML markup files
[0.525s] -- Configuring done
[0.540s] -- Generating done
[0.545s] -- Build files have been written to: /home/arbaaz/KinematicController/build/o1
[0.577s] [35m[1mConsolidate compiler generated dependencies of target main1[0m
[0.615s] [100%] Built target main1
[0.629s] Invoked command in '/home/arbaaz/KinematicController/build/o1' returned '0': CMAKE_PREFIX_PATH=${CMAKE_PREFIX_PATH}:/home/arbaaz/KinematicController/install/simulation_pkg:/home/arbaaz/decision_module/install/simulation_pkg:/opt/ros/humble /usr/bin/cmake --build /home/arbaaz/KinematicController/build/o1 -- -j12 -l12
[0.641s] Invoking command in '/home/arbaaz/KinematicController/build/o1': CMAKE_PREFIX_PATH=${CMAKE_PREFIX_PATH}:/home/arbaaz/KinematicController/install/simulation_pkg:/home/arbaaz/decision_module/install/simulation_pkg:/opt/ros/humble /usr/bin/cmake --install /home/arbaaz/KinematicController/build/o1
[0.647s] -- Install configuration: ""
[0.648s] -- Up-to-date: /home/arbaaz/KinematicController/install/o1/lib/o1/main1
[0.648s] -- Up-to-date: /home/arbaaz/KinematicController/install/o1/share/ament_index/resource_index/package_run_dependencies/o1
[0.648s] -- Up-to-date: /home/arbaaz/KinematicController/install/o1/share/ament_index/resource_index/parent_prefix_path/o1
[0.648s] -- Up-to-date: /home/arbaaz/KinematicController/install/o1/share/o1/environment/ament_prefix_path.sh
[0.648s] -- Installing: /home/arbaaz/KinematicController/install/o1/share/o1/environment/ament_prefix_path.dsv
[0.648s] -- Up-to-date: /home/arbaaz/KinematicController/install/o1/share/o1/environment/path.sh
[0.648s] -- Installing: /home/arbaaz/KinematicController/install/o1/share/o1/environment/path.dsv
[0.648s] -- Up-to-date: /home/arbaaz/KinematicController/install/o1/share/o1/local_setup.bash
[0.648s] -- Up-to-date: /home/arbaaz/KinematicController/install/o1/share/o1/local_setup.sh
[0.648s] -- Up-to-date: /home/arbaaz/KinematicController/install/o1/share/o1/local_setup.zsh
[0.649s] -- Installing: /home/arbaaz/KinematicController/install/o1/share/o1/local_setup.dsv
[0.649s] -- Installing: /home/arbaaz/KinematicController/install/o1/share/o1/package.dsv
[0.649s] -- Up-to-date: /home/arbaaz/KinematicController/install/o1/share/ament_index/resource_index/packages/o1
[0.649s] -- Up-to-date: /home/arbaaz/KinematicController/install/o1/share/o1/cmake/o1Config.cmake
[0.649s] -- Up-to-date: /home/arbaaz/KinematicController/install/o1/share/o1/cmake/o1Config-version.cmake
[0.649s] -- Up-to-date: /home/arbaaz/KinematicController/install/o1/share/o1/package.xml
[0.651s] Invoked command in '/home/arbaaz/KinematicController/build/o1' returned '0': CMAKE_PREFIX_PATH=${CMAKE_PREFIX_PATH}:/home/arbaaz/KinematicController/install/simulation_pkg:/home/arbaaz/decision_module/install/simulation_pkg:/opt/ros/humble /usr/bin/cmake --install /home/arbaaz/KinematicController/build/o1
