[0.773s] Invoking command in '/home/arbaaz/KinematicController/build/simulation_pkg': PYTHONPATH=/home/arbaaz/KinematicController/build/simulation_pkg/prefix_override:/usr/lib/python3/dist-packages/colcon_core/task/python/colcon_distutils_commands:/home/arbaaz/KinematicController/install/simulation_pkg/lib/python3.10/site-packages:${PYTHONPATH} /usr/bin/python3 -W ignore:setup.py install is deprecated -W ignore:easy_install command is deprecated setup.py develop --editable --build-directory /home/arbaaz/KinematicController/build/simulation_pkg/build --no-deps symlink_data
[1.031s] running develop
[1.239s] running egg_info
[1.239s] creating simulation_pkg.egg-info
[1.239s] writing simulation_pkg.egg-info/PKG-INFO
[1.239s] writing dependency_links to simulation_pkg.egg-info/dependency_links.txt
[1.239s] writing entry points to simulation_pkg.egg-info/entry_points.txt
[1.239s] writing requirements to simulation_pkg.egg-info/requires.txt
[1.240s] writing top-level names to simulation_pkg.egg-info/top_level.txt
[1.240s] writing manifest file 'simulation_pkg.egg-info/SOURCES.txt'
[1.243s] reading manifest file 'simulation_pkg.egg-info/SOURCES.txt'
[1.244s] writing manifest file 'simulation_pkg.egg-info/SOURCES.txt'
[1.246s] running build_ext
[1.247s] Creating /home/arbaaz/KinematicController/install/simulation_pkg/lib/python3.10/site-packages/simulation-pkg.egg-link (link to .)
[1.249s] Installing bot_simulation script to /home/arbaaz/KinematicController/install/simulation_pkg/lib/simulation_pkg
[1.249s] Installing hardware script to /home/arbaaz/KinematicController/install/simulation_pkg/lib/simulation_pkg
[1.249s] Installing kinematic_controller script to /home/arbaaz/KinematicController/install/simulation_pkg/lib/simulation_pkg
[1.249s] 
[1.249s] Installed /home/arbaaz/KinematicController/build/simulation_pkg
[1.249s] running symlink_data
[1.249s] creating /home/arbaaz/KinematicController/install/simulation_pkg/share/ament_index
[1.249s] creating /home/arbaaz/KinematicController/install/simulation_pkg/share/ament_index/resource_index
[1.250s] creating /home/arbaaz/KinematicController/install/simulation_pkg/share/ament_index/resource_index/packages
[1.250s] symbolically linking /home/arbaaz/KinematicController/build/simulation_pkg/resource/simulation_pkg -> /home/arbaaz/KinematicController/install/simulation_pkg/share/ament_index/resource_index/packages
[1.250s] symbolically linking /home/arbaaz/KinematicController/build/simulation_pkg/package.xml -> /home/arbaaz/KinematicController/install/simulation_pkg/share/simulation_pkg
[1.250s] creating /home/arbaaz/KinematicController/install/simulation_pkg/share/simulation_pkg/launch
[1.393s] Invoked command in '/home/arbaaz/KinematicController/build/simulation_pkg' returned '0': PYTHONPATH=/home/arbaaz/KinematicController/build/simulation_pkg/prefix_override:/usr/lib/python3/dist-packages/colcon_core/task/python/colcon_distutils_commands:/home/arbaaz/KinematicController/install/simulation_pkg/lib/python3.10/site-packages:${PYTHONPATH} /usr/bin/python3 -W ignore:setup.py install is deprecated -W ignore:easy_install command is deprecated setup.py develop --editable --build-directory /home/arbaaz/KinematicController/build/simulation_pkg/build --no-deps symlink_data
