[0.730s] Invoking command in '/home/arbaaz/KinematicController/src/simulation_pkg': PYTHONPATH=/home/arbaaz/KinematicController/build/simulation_pkg/prefix_override:/usr/lib/python3/dist-packages/colcon_core/task/python/colcon_distutils_commands:/home/arbaaz/KinematicController/install/simulation_pkg/lib/python3.10/site-packages:${PYTHONPATH} /usr/bin/python3 -W ignore:setup.py install is deprecated -W ignore:easy_install command is deprecated setup.py egg_info --egg-base ../../build/simulation_pkg build --build-base /home/arbaaz/KinematicController/build/simulation_pkg/build install --record /home/arbaaz/KinematicController/build/simulation_pkg/install.log --single-version-externally-managed install_data
[0.958s] running egg_info
[0.958s] writing ../../build/simulation_pkg/simulation_pkg.egg-info/PKG-INFO
[0.958s] writing dependency_links to ../../build/simulation_pkg/simulation_pkg.egg-info/dependency_links.txt
[0.959s] writing entry points to ../../build/simulation_pkg/simulation_pkg.egg-info/entry_points.txt
[0.959s] writing requirements to ../../build/simulation_pkg/simulation_pkg.egg-info/requires.txt
[0.959s] writing top-level names to ../../build/simulation_pkg/simulation_pkg.egg-info/top_level.txt
[0.960s] reading manifest file '../../build/simulation_pkg/simulation_pkg.egg-info/SOURCES.txt'
[0.968s] writing manifest file '../../build/simulation_pkg/simulation_pkg.egg-info/SOURCES.txt'
[0.969s] running build
[0.969s] running build_py
[0.969s] copying simulation_pkg/robot_sim.py -> /home/arbaaz/KinematicController/build/simulation_pkg/build/lib/simulation_pkg
[0.969s] running install
[0.969s] running install_lib
[0.970s] copying /home/arbaaz/KinematicController/build/simulation_pkg/build/lib/simulation_pkg/robot_sim.py -> /home/arbaaz/KinematicController/install/simulation_pkg/lib/python3.10/site-packages/simulation_pkg
[0.971s] byte-compiling /home/arbaaz/KinematicController/install/simulation_pkg/lib/python3.10/site-packages/simulation_pkg/robot_sim.py to robot_sim.cpython-310.pyc
[0.976s] running install_data
[0.976s] running install_egg_info
[0.977s] removing '/home/arbaaz/KinematicController/install/simulation_pkg/lib/python3.10/site-packages/simulation_pkg-0.0.1-py3.10.egg-info' (and everything under it)
[0.977s] Copying ../../build/simulation_pkg/simulation_pkg.egg-info to /home/arbaaz/KinematicController/install/simulation_pkg/lib/python3.10/site-packages/simulation_pkg-0.0.1-py3.10.egg-info
[0.979s] running install_scripts
[0.998s] Installing bot_simulation script to /home/arbaaz/KinematicController/install/simulation_pkg/lib/simulation_pkg
[0.998s] Installing hardware script to /home/arbaaz/KinematicController/install/simulation_pkg/lib/simulation_pkg
[0.998s] Installing kinematic_controller script to /home/arbaaz/KinematicController/install/simulation_pkg/lib/simulation_pkg
[0.998s] writing list of installed files to '/home/arbaaz/KinematicController/build/simulation_pkg/install.log'
[1.037s] Invoked command in '/home/arbaaz/KinematicController/src/simulation_pkg' returned '0': PYTHONPATH=/home/arbaaz/KinematicController/build/simulation_pkg/prefix_override:/usr/lib/python3/dist-packages/colcon_core/task/python/colcon_distutils_commands:/home/arbaaz/KinematicController/install/simulation_pkg/lib/python3.10/site-packages:${PYTHONPATH} /usr/bin/python3 -W ignore:setup.py install is deprecated -W ignore:easy_install command is deprecated setup.py egg_info --egg-base ../../build/simulation_pkg build --build-base /home/arbaaz/KinematicController/build/simulation_pkg/build install --record /home/arbaaz/KinematicController/build/simulation_pkg/install.log --single-version-externally-managed install_data
