running egg_info
creating ../../build/simulation_pkg/simulation_pkg.egg-info
writing ../../build/simulation_pkg/simulation_pkg.egg-info/PKG-INFO
writing dependency_links to ../../build/simulation_pkg/simulation_pkg.egg-info/dependency_links.txt
writing entry points to ../../build/simulation_pkg/simulation_pkg.egg-info/entry_points.txt
writing requirements to ../../build/simulation_pkg/simulation_pkg.egg-info/requires.txt
writing top-level names to ../../build/simulation_pkg/simulation_pkg.egg-info/top_level.txt
writing manifest file '../../build/simulation_pkg/simulation_pkg.egg-info/SOURCES.txt'
reading manifest file '../../build/simulation_pkg/simulation_pkg.egg-info/SOURCES.txt'
writing manifest file '../../build/simulation_pkg/simulation_pkg.egg-info/SOURCES.txt'
running build
running build_py
creating /home/arbaaz/KinematicController/build/simulation_pkg/build
creating /home/arbaaz/KinematicController/build/simulation_pkg/build/lib
creating /home/arbaaz/KinematicController/build/simulation_pkg/build/lib/simulation_pkg
copying simulation_pkg/robot_sim.py -> /home/arbaaz/KinematicController/build/simulation_pkg/build/lib/simulation_pkg
copying simulation_pkg/kinematic_controller.py -> /home/arbaaz/KinematicController/build/simulation_pkg/build/lib/simulation_pkg
running install
running install_lib
creating /home/arbaaz/KinematicController/install/simulation_pkg/lib/python3.10/site-packages/simulation_pkg
copying /home/arbaaz/KinematicController/build/simulation_pkg/build/lib/simulation_pkg/robot_sim.py -> /home/arbaaz/KinematicController/install/simulation_pkg/lib/python3.10/site-packages/simulation_pkg
copying /home/arbaaz/KinematicController/build/simulation_pkg/build/lib/simulation_pkg/kinematic_controller.py -> /home/arbaaz/KinematicController/install/simulation_pkg/lib/python3.10/site-packages/simulation_pkg
byte-compiling /home/arbaaz/KinematicController/install/simulation_pkg/lib/python3.10/site-packages/simulation_pkg/robot_sim.py to robot_sim.cpython-310.pyc
byte-compiling /home/arbaaz/KinematicController/install/simulation_pkg/lib/python3.10/site-packages/simulation_pkg/kinematic_controller.py to kinematic_controller.cpython-310.pyc
running install_data
creating /home/arbaaz/KinematicController/install/simulation_pkg/share/ament_index
creating /home/arbaaz/KinematicController/install/simulation_pkg/share/ament_index/resource_index
creating /home/arbaaz/KinematicController/install/simulation_pkg/share/ament_index/resource_index/packages
