[0.704s] Invoking command in '/home/arbaaz/KinematicController/src/simulation_pkg': PYTHONPATH=/home/arbaaz/KinematicController/build/simulation_pkg/prefix_override:/usr/lib/python3/dist-packages/colcon_core/task/python/colcon_distutils_commands:/home/arbaaz/KinematicController/install/simulation_pkg/lib/python3.10/site-packages:${PYTHONPATH} /usr/bin/python3 -W ignore:setup.py install is deprecated -W ignore:easy_install command is deprecated setup.py egg_info --egg-base ../../build/simulation_pkg build --build-base /home/arbaaz/KinematicController/build/simulation_pkg/build install --record /home/arbaaz/KinematicController/build/simulation_pkg/install.log --single-version-externally-managed install_data
[0.924s] running egg_info
[0.924s] creating ../../build/simulation_pkg/simulation_pkg.egg-info
[0.924s] writing ../../build/simulation_pkg/simulation_pkg.egg-info/PKG-INFO
[0.925s] writing dependency_links to ../../build/simulation_pkg/simulation_pkg.egg-info/dependency_links.txt
[0.925s] writing entry points to ../../build/simulation_pkg/simulation_pkg.egg-info/entry_points.txt
[0.925s] writing requirements to ../../build/simulation_pkg/simulation_pkg.egg-info/requires.txt
[0.925s] writing top-level names to ../../build/simulation_pkg/simulation_pkg.egg-info/top_level.txt
[0.925s] writing manifest file '../../build/simulation_pkg/simulation_pkg.egg-info/SOURCES.txt'
[0.927s] package init file 'simulation_pkg/__init__.py' not found (or not a regular file)
[0.927s] reading manifest file '../../build/simulation_pkg/simulation_pkg.egg-info/SOURCES.txt'
[0.928s] writing manifest file '../../build/simulation_pkg/simulation_pkg.egg-info/SOURCES.txt'
[0.928s] running build
[0.928s] running build_py
[0.928s] creating /home/arbaaz/KinematicController/build/simulation_pkg/build
[0.928s] creating /home/arbaaz/KinematicController/build/simulation_pkg/build/lib
[0.928s] creating /home/arbaaz/KinematicController/build/simulation_pkg/build/lib/simulation_pkg
[0.929s] copying simulation_pkg/robot_sim.py -> /home/arbaaz/KinematicController/build/simulation_pkg/build/lib/simulation_pkg
[0.929s] copying simulation_pkg/kinematic_controller.py -> /home/arbaaz/KinematicController/build/simulation_pkg/build/lib/simulation_pkg
[0.929s] running install
[0.929s] running install_lib
[0.930s] creating /home/arbaaz/KinematicController/install/simulation_pkg/lib/python3.10/site-packages/simulation_pkg
[0.930s] copying /home/arbaaz/KinematicController/build/simulation_pkg/build/lib/simulation_pkg/robot_sim.py -> /home/arbaaz/KinematicController/install/simulation_pkg/lib/python3.10/site-packages/simulation_pkg
[0.930s] copying /home/arbaaz/KinematicController/build/simulation_pkg/build/lib/simulation_pkg/kinematic_controller.py -> /home/arbaaz/KinematicController/install/simulation_pkg/lib/python3.10/site-packages/simulation_pkg
[0.937s] byte-compiling /home/arbaaz/KinematicController/install/simulation_pkg/lib/python3.10/site-packages/simulation_pkg/robot_sim.py to robot_sim.cpython-310.pyc
[0.941s] byte-compiling /home/arbaaz/KinematicController/install/simulation_pkg/lib/python3.10/site-packages/simulation_pkg/kinematic_controller.py to kinematic_controller.cpython-310.pyc
[0.943s] running install_data
[0.943s] creating /home/arbaaz/KinematicController/install/simulation_pkg/share/ament_index
[0.943s] creating /home/arbaaz/KinematicController/install/simulation_pkg/share/ament_index/resource_index
[0.943s] creating /home/arbaaz/KinematicController/install/simulation_pkg/share/ament_index/resource_index/packages
[0.943s] error: can't copy 'resource/simulation_pkg': doesn't exist or not a regular file
[0.970s] Invoked command in '/home/arbaaz/KinematicController/src/simulation_pkg' returned '1': PYTHONPATH=/home/arbaaz/KinematicController/build/simulation_pkg/prefix_override:/usr/lib/python3/dist-packages/colcon_core/task/python/colcon_distutils_commands:/home/arbaaz/KinematicController/install/simulation_pkg/lib/python3.10/site-packages:${PYTHONPATH} /usr/bin/python3 -W ignore:setup.py install is deprecated -W ignore:easy_install command is deprecated setup.py egg_info --egg-base ../../build/simulation_pkg build --build-base /home/arbaaz/KinematicController/build/simulation_pkg/build install --record /home/arbaaz/KinematicController/build/simulation_pkg/install.log --single-version-externally-managed install_data
