[0.095s] DEBUG:colcon:Command line arguments: ['/usr/bin/colcon', 'build', '--executor', 'sequential']
[0.095s] DEBUG:colcon:Parsed command line arguments: Namespace(log_base=None, log_level=None, verb_name='build', build_base='build', install_base='install', merge_install=False, symlink_install=False, test_result_base=None, continue_on_error=False, executor='sequential', parallel_workers=12, event_handlers=None, ignore_user_meta=False, metas=['./colcon.meta'], base_paths=['.'], packages_ignore=None, packages_ignore_regex=None, paths=None, packages_up_to=None, packages_up_to_regex=None, packages_above=None, packages_above_and_dependencies=None, packages_above_depth=None, packages_select_by_dep=None, packages_skip_by_dep=None, packages_skip_up_to=None, packages_select_build_failed=False, packages_skip_build_finished=False, packages_select_test_failures=False, packages_skip_test_passed=False, packages_select=None, packages_skip=None, packages_select_regex=None, packages_skip_regex=None, packages_start=None, packages_end=None, allow_overriding=[], cmake_args=None, cmake_target=None, cmake_target_skip_unavailable=False, cmake_clean_cache=False, cmake_clean_first=False, cmake_force_configure=False, ament_cmake_args=None, catkin_cmake_args=None, catkin_skip_building_tests=False, mixin_files=None, mixin=None, verb_parser=<colcon_mixin.mixin.mixin_argument.MixinArgumentDecorator object at 0x7d9999b72fe0>, verb_extension=<colcon_core.verb.build.BuildVerb object at 0x7d9999b72b30>, main=<bound method BuildVerb.main of <colcon_core.verb.build.BuildVerb object at 0x7d9999b72b30>>, mixin_verb=('build',))
[0.255s] Level 1:colcon.colcon_core.package_discovery:discover_packages(colcon_meta) check parameters
[0.255s] Level 1:colcon.colcon_core.package_discovery:discover_packages(recursive) check parameters
[0.256s] Level 1:colcon.colcon_core.package_discovery:discover_packages(ignore) check parameters
[0.256s] Level 1:colcon.colcon_core.package_discovery:discover_packages(path) check parameters
[0.256s] Level 1:colcon.colcon_core.package_discovery:discover_packages(colcon_meta) discover
[0.256s] Level 1:colcon.colcon_core.package_discovery:discover_packages(recursive) discover
[0.256s] INFO:colcon.colcon_core.package_discovery:Crawling recursively for packages in '/home/arbaaz/KinematicController'
[0.256s] Level 1:colcon.colcon_core.package_identification:_identify(.) by extensions ['ignore', 'ignore_ament_install']
[0.256s] Level 1:colcon.colcon_core.package_identification:_identify(.) by extension 'ignore'
[0.256s] Level 1:colcon.colcon_core.package_identification:_identify(.) by extension 'ignore_ament_install'
[0.256s] Level 1:colcon.colcon_core.package_identification:_identify(.) by extensions ['colcon_pkg']
[0.256s] Level 1:colcon.colcon_core.package_identification:_identify(.) by extension 'colcon_pkg'
[0.256s] Level 1:colcon.colcon_core.package_identification:_identify(.) by extensions ['colcon_meta']
[0.256s] Level 1:colcon.colcon_core.package_identification:_identify(.) by extension 'colcon_meta'
[0.256s] Level 1:colcon.colcon_core.package_identification:_identify(.) by extensions ['ros']
[0.256s] Level 1:colcon.colcon_core.package_identification:_identify(.) by extension 'ros'
[0.266s] Level 1:colcon.colcon_core.package_identification:_identify(.) by extensions ['cmake', 'python']
[0.266s] Level 1:colcon.colcon_core.package_identification:_identify(.) by extension 'cmake'
[0.266s] Level 1:colcon.colcon_core.package_identification:_identify(.) by extension 'python'
[0.266s] Level 1:colcon.colcon_core.package_identification:_identify(.) by extensions ['python_setup_py']
[0.266s] Level 1:colcon.colcon_core.package_identification:_identify(.) by extension 'python_setup_py'
[0.266s] Level 1:colcon.colcon_core.package_identification:_identify(build) by extensions ['ignore', 'ignore_ament_install']
[0.266s] Level 1:colcon.colcon_core.package_identification:_identify(build) by extension 'ignore'
[0.266s] Level 1:colcon.colcon_core.package_identification:_identify(build) ignored
[0.267s] Level 1:colcon.colcon_core.package_identification:_identify(install) by extensions ['ignore', 'ignore_ament_install']
[0.267s] Level 1:colcon.colcon_core.package_identification:_identify(install) by extension 'ignore'
[0.267s] Level 1:colcon.colcon_core.package_identification:_identify(install) ignored
[0.267s] Level 1:colcon.colcon_core.package_identification:_identify(log) by extensions ['ignore', 'ignore_ament_install']
[0.267s] Level 1:colcon.colcon_core.package_identification:_identify(log) by extension 'ignore'
[0.267s] Level 1:colcon.colcon_core.package_identification:_identify(log) ignored
[0.267s] Level 1:colcon.colcon_core.package_identification:_identify(src) by extensions ['ignore', 'ignore_ament_install']
[0.267s] Level 1:colcon.colcon_core.package_identification:_identify(src) by extension 'ignore'
[0.267s] Level 1:colcon.colcon_core.package_identification:_identify(src) by extension 'ignore_ament_install'
[0.267s] Level 1:colcon.colcon_core.package_identification:_identify(src) by extensions ['colcon_pkg']
[0.267s] Level 1:colcon.colcon_core.package_identification:_identify(src) by extension 'colcon_pkg'
[0.267s] Level 1:colcon.colcon_core.package_identification:_identify(src) by extensions ['colcon_meta']
[0.267s] Level 1:colcon.colcon_core.package_identification:_identify(src) by extension 'colcon_meta'
[0.267s] Level 1:colcon.colcon_core.package_identification:_identify(src) by extensions ['ros']
[0.267s] Level 1:colcon.colcon_core.package_identification:_identify(src) by extension 'ros'
[0.267s] Level 1:colcon.colcon_core.package_identification:_identify(src) by extensions ['cmake', 'python']
[0.267s] Level 1:colcon.colcon_core.package_identification:_identify(src) by extension 'cmake'
[0.267s] Level 1:colcon.colcon_core.package_identification:_identify(src) by extension 'python'
[0.267s] Level 1:colcon.colcon_core.package_identification:_identify(src) by extensions ['python_setup_py']
[0.267s] Level 1:colcon.colcon_core.package_identification:_identify(src) by extension 'python_setup_py'
[0.267s] Level 1:colcon.colcon_core.package_identification:_identify(src/o1) by extensions ['ignore', 'ignore_ament_install']
[0.268s] Level 1:colcon.colcon_core.package_identification:_identify(src/o1) by extension 'ignore'
[0.268s] Level 1:colcon.colcon_core.package_identification:_identify(src/o1) by extension 'ignore_ament_install'
[0.268s] Level 1:colcon.colcon_core.package_identification:_identify(src/o1) by extensions ['colcon_pkg']
[0.268s] Level 1:colcon.colcon_core.package_identification:_identify(src/o1) by extension 'colcon_pkg'
[0.268s] Level 1:colcon.colcon_core.package_identification:_identify(src/o1) by extensions ['colcon_meta']
[0.268s] Level 1:colcon.colcon_core.package_identification:_identify(src/o1) by extension 'colcon_meta'
[0.268s] Level 1:colcon.colcon_core.package_identification:_identify(src/o1) by extensions ['ros']
[0.268s] Level 1:colcon.colcon_core.package_identification:_identify(src/o1) by extension 'ros'
[0.283s] DEBUG:colcon.colcon_core.package_identification:Package 'src/o1' with type 'ros.ament_cmake' and name 'o1'
[0.284s] Level 1:colcon.colcon_core.package_identification:_identify(src/simulation_pkg) by extensions ['ignore', 'ignore_ament_install']
[0.284s] Level 1:colcon.colcon_core.package_identification:_identify(src/simulation_pkg) by extension 'ignore'
[0.284s] Level 1:colcon.colcon_core.package_identification:_identify(src/simulation_pkg) by extension 'ignore_ament_install'
[0.284s] Level 1:colcon.colcon_core.package_identification:_identify(src/simulation_pkg) by extensions ['colcon_pkg']
[0.284s] Level 1:colcon.colcon_core.package_identification:_identify(src/simulation_pkg) by extension 'colcon_pkg'
[0.284s] Level 1:colcon.colcon_core.package_identification:_identify(src/simulation_pkg) by extensions ['colcon_meta']
[0.284s] Level 1:colcon.colcon_core.package_identification:_identify(src/simulation_pkg) by extension 'colcon_meta'
[0.284s] Level 1:colcon.colcon_core.package_identification:_identify(src/simulation_pkg) by extensions ['ros']
[0.284s] Level 1:colcon.colcon_core.package_identification:_identify(src/simulation_pkg) by extension 'ros'
[0.284s] DEBUG:colcon.colcon_core.package_identification:Package 'src/simulation_pkg' with type 'ros.ament_python' and name 'simulation_pkg'
[0.284s] Level 1:colcon.colcon_core.package_discovery:discover_packages(recursive) using defaults
[0.285s] Level 1:colcon.colcon_core.package_discovery:discover_packages(ignore) discover
[0.285s] Level 1:colcon.colcon_core.package_discovery:discover_packages(ignore) using defaults
[0.285s] Level 1:colcon.colcon_core.package_discovery:discover_packages(path) discover
[0.285s] Level 1:colcon.colcon_core.package_discovery:discover_packages(path) using defaults
[0.301s] Level 1:colcon.colcon_core.package_discovery:discover_packages(prefix_path) check parameters
[0.301s] Level 1:colcon.colcon_core.package_discovery:discover_packages(prefix_path) discover
[0.303s] DEBUG:colcon.colcon_installed_package_information.package_discovery:Found 2 installed packages in /home/arbaaz/KinematicController/install
[0.303s] DEBUG:colcon.colcon_installed_package_information.package_discovery:Found 6 installed packages in /home/arbaaz/decision_module/install
[0.305s] DEBUG:colcon.colcon_installed_package_information.package_discovery:Found 328 installed packages in /opt/ros/humble
[0.306s] Level 1:colcon.colcon_core.package_discovery:discover_packages(prefix_path) using defaults
[0.341s] Level 5:colcon.colcon_core.verb:set package 'o1' build argument 'cmake_args' from command line to 'None'
[0.341s] Level 5:colcon.colcon_core.verb:set package 'o1' build argument 'cmake_target' from command line to 'None'
[0.341s] Level 5:colcon.colcon_core.verb:set package 'o1' build argument 'cmake_target_skip_unavailable' from command line to 'False'
[0.341s] Level 5:colcon.colcon_core.verb:set package 'o1' build argument 'cmake_clean_cache' from command line to 'False'
[0.341s] Level 5:colcon.colcon_core.verb:set package 'o1' build argument 'cmake_clean_first' from command line to 'False'
[0.341s] Level 5:colcon.colcon_core.verb:set package 'o1' build argument 'cmake_force_configure' from command line to 'False'
[0.341s] Level 5:colcon.colcon_core.verb:set package 'o1' build argument 'ament_cmake_args' from command line to 'None'
[0.341s] Level 5:colcon.colcon_core.verb:set package 'o1' build argument 'catkin_cmake_args' from command line to 'None'
[0.341s] Level 5:colcon.colcon_core.verb:set package 'o1' build argument 'catkin_skip_building_tests' from command line to 'False'
[0.341s] DEBUG:colcon.colcon_core.verb:Building package 'o1' with the following arguments: {'ament_cmake_args': None, 'build_base': '/home/arbaaz/KinematicController/build/o1', 'catkin_cmake_args': None, 'catkin_skip_building_tests': False, 'cmake_args': None, 'cmake_clean_cache': False, 'cmake_clean_first': False, 'cmake_force_configure': False, 'cmake_target': None, 'cmake_target_skip_unavailable': False, 'install_base': '/home/arbaaz/KinematicController/install/o1', 'merge_install': False, 'path': '/home/arbaaz/KinematicController/src/o1', 'symlink_install': False, 'test_result_base': None}
[0.342s] Level 5:colcon.colcon_core.verb:set package 'simulation_pkg' build argument 'cmake_args' from command line to 'None'
[0.342s] Level 5:colcon.colcon_core.verb:set package 'simulation_pkg' build argument 'cmake_target' from command line to 'None'
[0.342s] Level 5:colcon.colcon_core.verb:set package 'simulation_pkg' build argument 'cmake_target_skip_unavailable' from command line to 'False'
[0.342s] Level 5:colcon.colcon_core.verb:set package 'simulation_pkg' build argument 'cmake_clean_cache' from command line to 'False'
[0.342s] Level 5:colcon.colcon_core.verb:set package 'simulation_pkg' build argument 'cmake_clean_first' from command line to 'False'
[0.342s] Level 5:colcon.colcon_core.verb:set package 'simulation_pkg' build argument 'cmake_force_configure' from command line to 'False'
[0.342s] Level 5:colcon.colcon_core.verb:set package 'simulation_pkg' build argument 'ament_cmake_args' from command line to 'None'
[0.342s] Level 5:colcon.colcon_core.verb:set package 'simulation_pkg' build argument 'catkin_cmake_args' from command line to 'None'
[0.342s] Level 5:colcon.colcon_core.verb:set package 'simulation_pkg' build argument 'catkin_skip_building_tests' from command line to 'False'
[0.342s] DEBUG:colcon.colcon_core.verb:Building package 'simulation_pkg' with the following arguments: {'ament_cmake_args': None, 'build_base': '/home/arbaaz/KinematicController/build/simulation_pkg', 'catkin_cmake_args': None, 'catkin_skip_building_tests': False, 'cmake_args': None, 'cmake_clean_cache': False, 'cmake_clean_first': False, 'cmake_force_configure': False, 'cmake_target': None, 'cmake_target_skip_unavailable': False, 'install_base': '/home/arbaaz/KinematicController/install/simulation_pkg', 'merge_install': False, 'path': '/home/arbaaz/KinematicController/src/simulation_pkg', 'symlink_install': False, 'test_result_base': None}
[0.342s] INFO:colcon.colcon_core.executor:Executing jobs using 'sequential' executor
[0.343s] DEBUG:colcon.colcon_core.executor.sequential:run_until_complete 'o1'
[0.343s] INFO:colcon.colcon_ros.task.ament_cmake.build:Building ROS package in '/home/arbaaz/KinematicController/src/o1' with build type 'ament_cmake'
[0.343s] INFO:colcon.colcon_cmake.task.cmake.build:Building CMake package in '/home/arbaaz/KinematicController/src/o1'
[0.346s] INFO:colcon.colcon_core.plugin_system:Skipping extension 'colcon_core.shell.bat': Not used on non-Windows systems
[0.346s] INFO:colcon.colcon_core.shell:Skip shell extension 'powershell' for command environment: Not usable outside of PowerShell
[0.346s] DEBUG:colcon.colcon_core.shell:Skip shell extension 'dsv' for command environment
[0.359s] DEBUG:colcon.colcon_core.event_handler.log_command:Invoking command in '/home/arbaaz/KinematicController/build/o1': CMAKE_PREFIX_PATH=${CMAKE_PREFIX_PATH}:/home/arbaaz/KinematicController/install/simulation_pkg:/home/arbaaz/decision_module/install/simulation_pkg:/opt/ros/humble /usr/bin/cmake --build /home/arbaaz/KinematicController/build/o1 -- -j12 -l12
[0.973s] DEBUG:colcon.colcon_core.event_handler.log_command:Invoked command in '/home/arbaaz/KinematicController/build/o1' returned '0': CMAKE_PREFIX_PATH=${CMAKE_PREFIX_PATH}:/home/arbaaz/KinematicController/install/simulation_pkg:/home/arbaaz/decision_module/install/simulation_pkg:/opt/ros/humble /usr/bin/cmake --build /home/arbaaz/KinematicController/build/o1 -- -j12 -l12
[0.985s] DEBUG:colcon.colcon_core.event_handler.log_command:Invoking command in '/home/arbaaz/KinematicController/build/o1': CMAKE_PREFIX_PATH=${CMAKE_PREFIX_PATH}:/home/arbaaz/KinematicController/install/simulation_pkg:/home/arbaaz/decision_module/install/simulation_pkg:/opt/ros/humble /usr/bin/cmake --install /home/arbaaz/KinematicController/build/o1
[0.995s] Level 1:colcon.colcon_core.environment:create_environment_scripts_only(o1)
[0.995s] DEBUG:colcon.colcon_core.event_handler.log_command:Invoked command in '/home/arbaaz/KinematicController/build/o1' returned '0': CMAKE_PREFIX_PATH=${CMAKE_PREFIX_PATH}:/home/arbaaz/KinematicController/install/simulation_pkg:/home/arbaaz/decision_module/install/simulation_pkg:/opt/ros/humble /usr/bin/cmake --install /home/arbaaz/KinematicController/build/o1
[0.997s] Level 1:colcon.colcon_core.environment:checking '/home/arbaaz/KinematicController/install/o1' for CMake module files
[0.998s] Level 1:colcon.colcon_core.environment:checking '/home/arbaaz/KinematicController/install/o1' for CMake config files
[0.998s] Level 1:colcon.colcon_core.shell:create_environment_hook('o1', 'cmake_prefix_path')
[0.998s] INFO:colcon.colcon_core.shell:Creating environment hook '/home/arbaaz/KinematicController/install/o1/share/o1/hook/cmake_prefix_path.ps1'
[0.999s] INFO:colcon.colcon_core.shell:Creating environment descriptor '/home/arbaaz/KinematicController/install/o1/share/o1/hook/cmake_prefix_path.dsv'
[0.999s] INFO:colcon.colcon_core.shell:Creating environment hook '/home/arbaaz/KinematicController/install/o1/share/o1/hook/cmake_prefix_path.sh'
[1.000s] Level 1:colcon.colcon_core.environment:checking '/home/arbaaz/KinematicController/install/o1/lib'
[1.000s] Level 1:colcon.colcon_core.environment:checking '/home/arbaaz/KinematicController/install/o1/bin'
[1.000s] Level 1:colcon.colcon_core.environment:checking '/home/arbaaz/KinematicController/install/o1/lib/pkgconfig/o1.pc'
[1.000s] Level 1:colcon.colcon_core.environment:checking '/home/arbaaz/KinematicController/install/o1/lib/python3.10/site-packages'
[1.000s] Level 1:colcon.colcon_core.environment:checking '/home/arbaaz/KinematicController/install/o1/bin'
[1.001s] INFO:colcon.colcon_core.shell:Creating package script '/home/arbaaz/KinematicController/install/o1/share/o1/package.ps1'
[1.001s] INFO:colcon.colcon_core.shell:Creating package descriptor '/home/arbaaz/KinematicController/install/o1/share/o1/package.dsv'
[1.002s] INFO:colcon.colcon_core.shell:Creating package script '/home/arbaaz/KinematicController/install/o1/share/o1/package.sh'
[1.002s] INFO:colcon.colcon_core.shell:Creating package script '/home/arbaaz/KinematicController/install/o1/share/o1/package.bash'
[1.003s] INFO:colcon.colcon_core.shell:Creating package script '/home/arbaaz/KinematicController/install/o1/share/o1/package.zsh'
[1.004s] Level 1:colcon.colcon_core.environment:create_file_with_runtime_dependencies(/home/arbaaz/KinematicController/install/o1/share/colcon-core/packages/o1)
[1.004s] Level 1:colcon.colcon_core.environment:create_environment_scripts_only(o1)
[1.004s] Level 1:colcon.colcon_core.environment:checking '/home/arbaaz/KinematicController/install/o1' for CMake module files
[1.005s] Level 1:colcon.colcon_core.environment:checking '/home/arbaaz/KinematicController/install/o1' for CMake config files
[1.005s] Level 1:colcon.colcon_core.shell:create_environment_hook('o1', 'cmake_prefix_path')
[1.005s] INFO:colcon.colcon_core.shell:Creating environment hook '/home/arbaaz/KinematicController/install/o1/share/o1/hook/cmake_prefix_path.ps1'
[1.005s] INFO:colcon.colcon_core.shell:Creating environment descriptor '/home/arbaaz/KinematicController/install/o1/share/o1/hook/cmake_prefix_path.dsv'
[1.006s] INFO:colcon.colcon_core.shell:Creating environment hook '/home/arbaaz/KinematicController/install/o1/share/o1/hook/cmake_prefix_path.sh'
[1.006s] Level 1:colcon.colcon_core.environment:checking '/home/arbaaz/KinematicController/install/o1/lib'
[1.006s] Level 1:colcon.colcon_core.environment:checking '/home/arbaaz/KinematicController/install/o1/bin'
[1.006s] Level 1:colcon.colcon_core.environment:checking '/home/arbaaz/KinematicController/install/o1/lib/pkgconfig/o1.pc'
[1.006s] Level 1:colcon.colcon_core.environment:checking '/home/arbaaz/KinematicController/install/o1/lib/python3.10/site-packages'
[1.006s] Level 1:colcon.colcon_core.environment:checking '/home/arbaaz/KinematicController/install/o1/bin'
[1.007s] INFO:colcon.colcon_core.shell:Creating package script '/home/arbaaz/KinematicController/install/o1/share/o1/package.ps1'
[1.007s] INFO:colcon.colcon_core.shell:Creating package descriptor '/home/arbaaz/KinematicController/install/o1/share/o1/package.dsv'
[1.008s] INFO:colcon.colcon_core.shell:Creating package script '/home/arbaaz/KinematicController/install/o1/share/o1/package.sh'
[1.008s] INFO:colcon.colcon_core.shell:Creating package script '/home/arbaaz/KinematicController/install/o1/share/o1/package.bash'
[1.008s] INFO:colcon.colcon_core.shell:Creating package script '/home/arbaaz/KinematicController/install/o1/share/o1/package.zsh'
[1.009s] Level 1:colcon.colcon_core.environment:create_file_with_runtime_dependencies(/home/arbaaz/KinematicController/install/o1/share/colcon-core/packages/o1)
[1.009s] DEBUG:colcon.colcon_core.executor.sequential:run_until_complete 'o1' finished with '0'
[1.009s] DEBUG:colcon.colcon_core.executor.sequential:run_until_complete 'simulation_pkg'
[1.009s] INFO:colcon.colcon_ros.task.ament_python.build:Building ROS package in '/home/arbaaz/KinematicController/src/simulation_pkg' with build type 'ament_python'
[1.009s] Level 1:colcon.colcon_core.shell:create_environment_hook('simulation_pkg', 'ament_prefix_path')
[1.009s] INFO:colcon.colcon_core.shell:Creating environment hook '/home/arbaaz/KinematicController/install/simulation_pkg/share/simulation_pkg/hook/ament_prefix_path.ps1'
[1.010s] INFO:colcon.colcon_core.shell:Creating environment descriptor '/home/arbaaz/KinematicController/install/simulation_pkg/share/simulation_pkg/hook/ament_prefix_path.dsv'
[1.010s] INFO:colcon.colcon_core.shell:Creating environment hook '/home/arbaaz/KinematicController/install/simulation_pkg/share/simulation_pkg/hook/ament_prefix_path.sh'
[1.011s] INFO:colcon.colcon_core.shell:Skip shell extension 'powershell' for command environment: Not usable outside of PowerShell
[1.011s] DEBUG:colcon.colcon_core.shell:Skip shell extension 'dsv' for command environment
[1.262s] INFO:colcon.colcon_core.task.python.build:Building Python package in '/home/arbaaz/KinematicController/src/simulation_pkg'
[1.263s] INFO:colcon.colcon_core.shell:Skip shell extension 'powershell' for command environment: Not usable outside of PowerShell
[1.263s] DEBUG:colcon.colcon_core.shell:Skip shell extension 'dsv' for command environment
[1.604s] DEBUG:colcon.colcon_core.event_handler.log_command:Invoking command in '/home/arbaaz/KinematicController/src/simulation_pkg': PYTHONPATH=/home/arbaaz/KinematicController/build/simulation_pkg/prefix_override:/usr/lib/python3/dist-packages/colcon_core/task/python/colcon_distutils_commands:/home/arbaaz/KinematicController/install/simulation_pkg/lib/python3.10/site-packages:${PYTHONPATH} /usr/bin/python3 -W ignore:setup.py install is deprecated -W ignore:easy_install command is deprecated setup.py egg_info --egg-base ../../build/simulation_pkg build --build-base /home/arbaaz/KinematicController/build/simulation_pkg/build install --record /home/arbaaz/KinematicController/build/simulation_pkg/install.log --single-version-externally-managed install_data
[1.885s] Level 1:colcon.colcon_core.environment:checking '/home/arbaaz/KinematicController/install/simulation_pkg' for CMake module files
[1.886s] DEBUG:colcon.colcon_core.event_handler.log_command:Invoked command in '/home/arbaaz/KinematicController/src/simulation_pkg' returned '0': PYTHONPATH=/home/arbaaz/KinematicController/build/simulation_pkg/prefix_override:/usr/lib/python3/dist-packages/colcon_core/task/python/colcon_distutils_commands:/home/arbaaz/KinematicController/install/simulation_pkg/lib/python3.10/site-packages:${PYTHONPATH} /usr/bin/python3 -W ignore:setup.py install is deprecated -W ignore:easy_install command is deprecated setup.py egg_info --egg-base ../../build/simulation_pkg build --build-base /home/arbaaz/KinematicController/build/simulation_pkg/build install --record /home/arbaaz/KinematicController/build/simulation_pkg/install.log --single-version-externally-managed install_data
[1.886s] Level 1:colcon.colcon_core.environment:checking '/home/arbaaz/KinematicController/install/simulation_pkg' for CMake config files
[1.886s] Level 1:colcon.colcon_core.environment:checking '/home/arbaaz/KinematicController/install/simulation_pkg/lib'
[1.887s] Level 1:colcon.colcon_core.environment:checking '/home/arbaaz/KinematicController/install/simulation_pkg/bin'
[1.887s] Level 1:colcon.colcon_core.environment:checking '/home/arbaaz/KinematicController/install/simulation_pkg/lib/pkgconfig/simulation_pkg.pc'
[1.887s] Level 1:colcon.colcon_core.environment:checking '/home/arbaaz/KinematicController/install/simulation_pkg/lib/python3.10/site-packages'
[1.887s] Level 1:colcon.colcon_core.shell:create_environment_hook('simulation_pkg', 'pythonpath')
[1.887s] INFO:colcon.colcon_core.shell:Creating environment hook '/home/arbaaz/KinematicController/install/simulation_pkg/share/simulation_pkg/hook/pythonpath.ps1'
[1.887s] INFO:colcon.colcon_core.shell:Creating environment descriptor '/home/arbaaz/KinematicController/install/simulation_pkg/share/simulation_pkg/hook/pythonpath.dsv'
[1.888s] INFO:colcon.colcon_core.shell:Creating environment hook '/home/arbaaz/KinematicController/install/simulation_pkg/share/simulation_pkg/hook/pythonpath.sh'
[1.888s] Level 1:colcon.colcon_core.environment:checking '/home/arbaaz/KinematicController/install/simulation_pkg/bin'
[1.888s] Level 1:colcon.colcon_core.environment:create_environment_scripts_only(simulation_pkg)
[1.889s] INFO:colcon.colcon_core.shell:Creating package script '/home/arbaaz/KinematicController/install/simulation_pkg/share/simulation_pkg/package.ps1'
[1.889s] INFO:colcon.colcon_core.shell:Creating package descriptor '/home/arbaaz/KinematicController/install/simulation_pkg/share/simulation_pkg/package.dsv'
[1.889s] INFO:colcon.colcon_core.shell:Creating package script '/home/arbaaz/KinematicController/install/simulation_pkg/share/simulation_pkg/package.sh'
[1.890s] INFO:colcon.colcon_core.shell:Creating package script '/home/arbaaz/KinematicController/install/simulation_pkg/share/simulation_pkg/package.bash'
[1.890s] INFO:colcon.colcon_core.shell:Creating package script '/home/arbaaz/KinematicController/install/simulation_pkg/share/simulation_pkg/package.zsh'
[1.890s] Level 1:colcon.colcon_core.environment:create_file_with_runtime_dependencies(/home/arbaaz/KinematicController/install/simulation_pkg/share/colcon-core/packages/simulation_pkg)
[1.890s] DEBUG:colcon.colcon_core.executor.sequential:run_until_complete 'simulation_pkg' finished with '0'
[1.890s] DEBUG:colcon.colcon_core.executor.sequential:closing loop
[1.891s] DEBUG:colcon.colcon_core.executor.sequential:loop closed
[1.891s] DEBUG:colcon.colcon_core.event_reactor:joining thread
[1.896s] INFO:colcon.colcon_core.plugin_system:Skipping extension 'colcon_notification.desktop_notification.terminal_notifier': Not used on non-Darwin systems
[1.896s] INFO:colcon.colcon_core.plugin_system:Skipping extension 'colcon_notification.desktop_notification.win32': Not used on non-Windows systems
[1.896s] INFO:colcon.colcon_notification.desktop_notification:Sending desktop notification using 'notify2'
[1.907s] DEBUG:colcon.colcon_core.event_reactor:joined thread
[1.907s] INFO:colcon.colcon_core.shell:Creating prefix script '/home/arbaaz/KinematicController/install/local_setup.ps1'
[1.908s] INFO:colcon.colcon_core.shell:Creating prefix util module '/home/arbaaz/KinematicController/install/_local_setup_util_ps1.py'
[1.910s] INFO:colcon.colcon_core.shell:Creating prefix chain script '/home/arbaaz/KinematicController/install/setup.ps1'
[1.911s] INFO:colcon.colcon_core.shell:Creating prefix script '/home/arbaaz/KinematicController/install/local_setup.sh'
[1.911s] INFO:colcon.colcon_core.shell:Creating prefix util module '/home/arbaaz/KinematicController/install/_local_setup_util_sh.py'
[1.912s] INFO:colcon.colcon_core.shell:Creating prefix chain script '/home/arbaaz/KinematicController/install/setup.sh'
[1.913s] INFO:colcon.colcon_core.shell:Creating prefix script '/home/arbaaz/KinematicController/install/local_setup.bash'
[1.913s] INFO:colcon.colcon_core.shell:Creating prefix chain script '/home/arbaaz/KinematicController/install/setup.bash'
[1.914s] INFO:colcon.colcon_core.shell:Creating prefix script '/home/arbaaz/KinematicController/install/local_setup.zsh'
[1.915s] INFO:colcon.colcon_core.shell:Creating prefix chain script '/home/arbaaz/KinematicController/install/setup.zsh'
