running develop
Removing /home/arbaaz/KinematicController/install/simulation_pkg/lib/python3.10/site-packages/simulation-pkg.egg-link (link to .)
running egg_info
writing ../../build/simulation_pkg/simulation_pkg.egg-info/PKG-INFO
writing dependency_links to ../../build/simulation_pkg/simulation_pkg.egg-info/dependency_links.txt
writing entry points to ../../build/simulation_pkg/simulation_pkg.egg-info/entry_points.txt
writing requirements to ../../build/simulation_pkg/simulation_pkg.egg-info/requires.txt
writing top-level names to ../../build/simulation_pkg/simulation_pkg.egg-info/top_level.txt
reading manifest file '../../build/simulation_pkg/simulation_pkg.egg-info/SOURCES.txt'
writing manifest file '../../build/simulation_pkg/simulation_pkg.egg-info/SOURCES.txt'
running build
running build_py
creating /home/arbaaz/KinematicController/build/simulation_pkg/build
creating /home/arbaaz/KinematicController/build/simulation_pkg/build/lib
creating /home/arbaaz/KinematicController/build/simulation_pkg/build/lib/simulation_pkg
copying simulation_pkg/hardware.py -> /home/arbaaz/KinematicController/build/simulation_pkg/build/lib/simulation_pkg
copying simulation_pkg/robot_sim.py -> /home/arbaaz/KinematicController/build/simulation_pkg/build/lib/simulation_pkg
copying simulation_pkg/__init__.py -> /home/arbaaz/KinematicController/build/simulation_pkg/build/lib/simulation_pkg
copying simulation_pkg/kinematic_controller.py -> /home/arbaaz/KinematicController/build/simulation_pkg/build/lib/simulation_pkg
running install
running install_lib
creating /home/arbaaz/KinematicController/install/simulation_pkg/lib/python3.10/site-packages/simulation_pkg
copying /home/arbaaz/KinematicController/build/simulation_pkg/build/lib/simulation_pkg/hardware.py -> /home/arbaaz/KinematicController/install/simulation_pkg/lib/python3.10/site-packages/simulation_pkg
copying /home/arbaaz/KinematicController/build/simulation_pkg/build/lib/simulation_pkg/robot_sim.py -> /home/arbaaz/KinematicController/install/simulation_pkg/lib/python3.10/site-packages/simulation_pkg
copying /home/arbaaz/KinematicController/build/simulation_pkg/build/lib/simulation_pkg/__init__.py -> /home/arbaaz/KinematicController/install/simulation_pkg/lib/python3.10/site-packages/simulation_pkg
copying /home/arbaaz/KinematicController/build/simulation_pkg/build/lib/simulation_pkg/kinematic_controller.py -> /home/arbaaz/KinematicController/install/simulation_pkg/lib/python3.10/site-packages/simulation_pkg
byte-compiling /home/arbaaz/KinematicController/install/simulation_pkg/lib/python3.10/site-packages/simulation_pkg/hardware.py to hardware.cpython-310.pyc
byte-compiling /home/arbaaz/KinematicController/install/simulation_pkg/lib/python3.10/site-packages/simulation_pkg/robot_sim.py to robot_sim.cpython-310.pyc
byte-compiling /home/arbaaz/KinematicController/install/simulation_pkg/lib/python3.10/site-packages/simulation_pkg/__init__.py to __init__.cpython-310.pyc
byte-compiling /home/arbaaz/KinematicController/install/simulation_pkg/lib/python3.10/site-packages/simulation_pkg/kinematic_controller.py to kinematic_controller.cpython-310.pyc
running install_data
copying resource/simulation_pkg -> /home/arbaaz/KinematicController/install/simulation_pkg/share/ament_index/resource_index/packages
copying package.xml -> /home/arbaaz/KinematicController/install/simulation_pkg/share/simulation_pkg
running install_egg_info
Copying ../../build/simulation_pkg/simulation_pkg.egg-info to /home/arbaaz/KinematicController/install/simulation_pkg/lib/python3.10/site-packages/simulation_pkg-0.0.1-py3.10.egg-info
running install_scripts
Installing bot_simulation script to /home/arbaaz/KinematicController/install/simulation_pkg/lib/simulation_pkg
Installing hardware script to /home/arbaaz/KinematicController/install/simulation_pkg/lib/simulation_pkg
Installing kinematic_controller script to /home/arbaaz/KinematicController/install/simulation_pkg/lib/simulation_pkg
writing list of installed files to '/home/arbaaz/KinematicController/build/simulation_pkg/install.log'
