[0.592s] Invoking command in '/home/arbaaz/KinematicController/src/simulation_pkg': PYTHONPATH=/home/arbaaz/KinematicController/build/simulation_pkg/prefix_override:/usr/lib/python3/dist-packages/colcon_core/task/python/colcon_distutils_commands:/home/arbaaz/KinematicController/install/simulation_pkg/lib/python3.10/site-packages:${PYTHONPATH} /usr/bin/python3 -W ignore:setup.py install is deprecated -W ignore:easy_install command is deprecated setup.py egg_info --egg-base ../../build/simulation_pkg build --build-base /home/arbaaz/KinematicController/build/simulation_pkg/build install --record /home/arbaaz/KinematicController/build/simulation_pkg/install.log --single-version-externally-managed install_data
[0.813s] running egg_info
[0.813s] writing ../../build/simulation_pkg/simulation_pkg.egg-info/PKG-INFO
[0.813s] writing dependency_links to ../../build/simulation_pkg/simulation_pkg.egg-info/dependency_links.txt
[0.814s] writing entry points to ../../build/simulation_pkg/simulation_pkg.egg-info/entry_points.txt
[0.814s] writing requirements to ../../build/simulation_pkg/simulation_pkg.egg-info/requires.txt
[0.814s] writing top-level names to ../../build/simulation_pkg/simulation_pkg.egg-info/top_level.txt
[0.815s] reading manifest file '../../build/simulation_pkg/simulation_pkg.egg-info/SOURCES.txt'
[0.816s] writing manifest file '../../build/simulation_pkg/simulation_pkg.egg-info/SOURCES.txt'
[0.816s] running build
[0.816s] running build_py
[0.816s] running install
[0.817s] running install_lib
[0.818s] running install_data
[0.818s] copying resource/simulation_pkg -> /home/arbaaz/KinematicController/install/simulation_pkg/share/ament_index/resource_index/packages
[0.818s] copying package.xml -> /home/arbaaz/KinematicController/install/simulation_pkg/share/simulation_pkg
[0.818s] creating /home/arbaaz/KinematicController/install/simulation_pkg/share/simulation_pkg/launch
[0.818s] running install_egg_info
[0.820s] Copying ../../build/simulation_pkg/simulation_pkg.egg-info to /home/arbaaz/KinematicController/install/simulation_pkg/lib/python3.10/site-packages/simulation_pkg-0.0.1-py3.10.egg-info
[0.821s] running install_scripts
[0.839s] Installing bot_simulation script to /home/arbaaz/KinematicController/install/simulation_pkg/lib/simulation_pkg
[0.839s] Installing kinematic_controller script to /home/arbaaz/KinematicController/install/simulation_pkg/lib/simulation_pkg
[0.839s] writing list of installed files to '/home/arbaaz/KinematicController/build/simulation_pkg/install.log'
[0.872s] Invoked command in '/home/arbaaz/KinematicController/src/simulation_pkg' returned '0': PYTHONPATH=/home/arbaaz/KinematicController/build/simulation_pkg/prefix_override:/usr/lib/python3/dist-packages/colcon_core/task/python/colcon_distutils_commands:/home/arbaaz/KinematicController/install/simulation_pkg/lib/python3.10/site-packages:${PYTHONPATH} /usr/bin/python3 -W ignore:setup.py install is deprecated -W ignore:easy_install command is deprecated setup.py egg_info --egg-base ../../build/simulation_pkg build --build-base /home/arbaaz/KinematicController/build/simulation_pkg/build install --record /home/arbaaz/KinematicController/build/simulation_pkg/install.log --single-version-externally-managed install_data
