[0.021s] Invoking command in '/home/arbaaz/KinematicController/build/o1': CMAKE_PREFIX_PATH=/opt/ros/humble /usr/bin/cmake --build /home/arbaaz/KinematicController/build/o1 -- -j12 -l12
[0.248s] [100%] Built target main1
[0.322s] Invoked command in '/home/arbaaz/KinematicController/build/o1' returned '0': CMAKE_PREFIX_PATH=/opt/ros/humble /usr/bin/cmake --build /home/arbaaz/KinematicController/build/o1 -- -j12 -l12
[0.340s] Invoking command in '/home/arbaaz/KinematicController/build/o1': CMAKE_PREFIX_PATH=/opt/ros/humble /usr/bin/cmake --install /home/arbaaz/KinematicController/build/o1
[0.351s] -- Install configuration: ""
[0.352s] -- Execute custom install script
[0.352s] -- Up-to-date symlink: /home/arbaaz/KinematicController/install/o1/lib/o1/main1
[0.353s] -- Up-to-date symlink: /home/arbaaz/KinematicController/install/o1/share/ament_index/resource_index/package_run_dependencies/o1
[0.353s] -- Up-to-date symlink: /home/arbaaz/KinematicController/install/o1/share/ament_index/resource_index/parent_prefix_path/o1
[0.353s] -- Up-to-date symlink: /home/arbaaz/KinematicController/install/o1/share/o1/environment/ament_prefix_path.sh
[0.353s] -- Up-to-date symlink: /home/arbaaz/KinematicController/install/o1/share/o1/environment/ament_prefix_path.dsv
[0.353s] -- Up-to-date symlink: /home/arbaaz/KinematicController/install/o1/share/o1/environment/path.sh
[0.354s] -- Up-to-date symlink: /home/arbaaz/KinematicController/install/o1/share/o1/environment/path.dsv
[0.354s] -- Up-to-date symlink: /home/arbaaz/KinematicController/install/o1/share/o1/local_setup.bash
[0.354s] -- Up-to-date symlink: /home/arbaaz/KinematicController/install/o1/share/o1/local_setup.sh
[0.354s] -- Up-to-date symlink: /home/arbaaz/KinematicController/install/o1/share/o1/local_setup.zsh
[0.354s] -- Up-to-date symlink: /home/arbaaz/KinematicController/install/o1/share/o1/local_setup.dsv
[0.354s] -- Symlinking: /home/arbaaz/KinematicController/install/o1/share/o1/package.dsv
[0.369s] -- Up-to-date symlink: /home/arbaaz/KinematicController/install/o1/share/ament_index/resource_index/packages/o1
[0.370s] -- Up-to-date symlink: /home/arbaaz/KinematicController/install/o1/share/o1/cmake/o1Config.cmake
[0.370s] -- Up-to-date symlink: /home/arbaaz/KinematicController/install/o1/share/o1/cmake/o1Config-version.cmake
[0.370s] -- Up-to-date symlink: /home/arbaaz/KinematicController/install/o1/share/o1/package.xml
[0.374s] Invoked command in '/home/arbaaz/KinematicController/build/o1' returned '0': CMAKE_PREFIX_PATH=/opt/ros/humble /usr/bin/cmake --install /home/arbaaz/KinematicController/build/o1
