[35m[1mConsolidate compiler generated dependencies of target main1[0m
[100%] Built target main1
-- Install configuration: ""
-- Execute custom install script
-- Up-to-date symlink: /home/arbaaz/KinematicController/install/o1/lib/o1/main1
-- Up-to-date symlink: /home/arbaaz/KinematicController/install/o1/share/ament_index/resource_index/package_run_dependencies/o1
-- Up-to-date symlink: /home/arbaaz/KinematicController/install/o1/share/ament_index/resource_index/parent_prefix_path/o1
-- Up-to-date symlink: /home/arbaaz/KinematicController/install/o1/share/o1/environment/ament_prefix_path.sh
-- Up-to-date symlink: /home/arbaaz/KinematicController/install/o1/share/o1/environment/ament_prefix_path.dsv
-- Up-to-date symlink: /home/arbaaz/KinematicController/install/o1/share/o1/environment/path.sh
-- Up-to-date symlink: /home/arbaaz/KinematicController/install/o1/share/o1/environment/path.dsv
-- Up-to-date symlink: /home/arbaaz/KinematicController/install/o1/share/o1/local_setup.bash
-- Up-to-date symlink: /home/arbaaz/KinematicController/install/o1/share/o1/local_setup.sh
-- Up-to-date symlink: /home/arbaaz/KinematicController/install/o1/share/o1/local_setup.zsh
-- Up-to-date symlink: /home/arbaaz/KinematicController/install/o1/share/o1/local_setup.dsv
-- Symlinking: /home/arbaaz/KinematicController/install/o1/share/o1/package.dsv
-- Up-to-date symlink: /home/arbaaz/KinematicController/install/o1/share/ament_index/resource_index/packages/o1
-- Up-to-date symlink: /home/arbaaz/KinematicController/install/o1/share/o1/cmake/o1Config.cmake
-- Up-to-date symlink: /home/arbaaz/KinematicController/install/o1/share/o1/cmake/o1Config-version.cmake
-- Up-to-date symlink: /home/arbaaz/KinematicController/install/o1/share/o1/package.xml
